Started GET "/" for 83.47.133.27 at 2019-11-20 15:05:09 +0000
Cannot render console from 83.47.133.27! Allowed networks: 127.0.0.0/127.255.255.255, ::1
  [1m[35m (1.6ms)[0m  [1m[34mSELECT sqlite_version(*)[0m
  
ActiveRecord::PendingMigrationError (

Migrations are pending. To resolve this issue, run:

        rails db:migrate RAILS_ENV=development

):
  
activerecord (6.0.1) lib/active_record/migration.rb:587:in `check_pending!'
activerecord (6.0.1) lib/active_record/migration.rb:564:in `call'
actionpack (6.0.1) lib/action_dispatch/middleware/callbacks.rb:27:in `block in call'
activesupport (6.0.1) lib/active_support/callbacks.rb:101:in `run_callbacks'
actionpack (6.0.1) lib/action_dispatch/middleware/callbacks.rb:26:in `call'
actionpack (6.0.1) lib/action_dispatch/middleware/executor.rb:14:in `call'
actionpack (6.0.1) lib/action_dispatch/middleware/actionable_exceptions.rb:17:in `call'
actionpack (6.0.1) lib/action_dispatch/middleware/debug_exceptions.rb:32:in `call'
web-console (4.0.1) lib/web_console/middleware.rb:132:in `call_app'
web-console (4.0.1) lib/web_console/middleware.rb:19:in `block in call'
web-console (4.0.1) lib/web_console/middleware.rb:17:in `catch'
web-console (4.0.1) lib/web_console/middleware.rb:17:in `call'
actionpack (6.0.1) lib/action_dispatch/middleware/show_exceptions.rb:33:in `call'
railties (6.0.1) lib/rails/rack/logger.rb:38:in `call_app'
railties (6.0.1) lib/rails/rack/logger.rb:26:in `block in call'
activesupport (6.0.1) lib/active_support/tagged_logging.rb:80:in `block in tagged'
activesupport (6.0.1) lib/active_support/tagged_logging.rb:28:in `tagged'
activesupport (6.0.1) lib/active_support/tagged_logging.rb:80:in `tagged'
railties (6.0.1) lib/rails/rack/logger.rb:26:in `call'
sprockets-rails (3.2.1) lib/sprockets/rails/quiet_assets.rb:13:in `call'
actionpack (6.0.1) lib/action_dispatch/middleware/remote_ip.rb:81:in `call'
actionpack (6.0.1) lib/action_dispatch/middleware/request_id.rb:27:in `call'
rack (2.0.7) lib/rack/method_override.rb:22:in `call'
rack (2.0.7) lib/rack/runtime.rb:22:in `call'
activesupport (6.0.1) lib/active_support/cache/strategy/local_cache_middleware.rb:29:in `call'
actionpack (6.0.1) lib/action_dispatch/middleware/executor.rb:14:in `call'
actionpack (6.0.1) lib/action_dispatch/middleware/static.rb:126:in `call'
rack (2.0.7) lib/rack/sendfile.rb:111:in `call'
actionpack (6.0.1) lib/action_dispatch/middleware/host_authorization.rb:77:in `call'
webpacker (4.2.0) lib/webpacker/dev_server_proxy.rb:23:in `perform_request'
rack-proxy (0.6.5) lib/rack/proxy.rb:57:in `call'
railties (6.0.1) lib/rails/engine.rb:526:in `call'
puma (4.3.0) lib/puma/configuration.rb:228:in `call'
puma (4.3.0) lib/puma/server.rb:667:in `handle_request'
puma (4.3.0) lib/puma/server.rb:470:in `process_client'
puma (4.3.0) lib/puma/server.rb:328:in `block in run'
puma (4.3.0) lib/puma/thread_pool.rb:134:in `block in spawn_thread'
Started GET "/" for 83.47.133.27 at 2019-11-20 15:05:19 +0000
Cannot render console from 83.47.133.27! Allowed networks: 127.0.0.0/127.255.255.255, ::1
  
ActiveRecord::PendingMigrationError (

Migrations are pending. To resolve this issue, run:

        rails db:migrate RAILS_ENV=development

):
  
activerecord (6.0.1) lib/active_record/migration.rb:587:in `check_pending!'
activerecord (6.0.1) lib/active_record/migration.rb:564:in `call'
actionpack (6.0.1) lib/action_dispatch/middleware/callbacks.rb:27:in `block in call'
activesupport (6.0.1) lib/active_support/callbacks.rb:101:in `run_callbacks'
actionpack (6.0.1) lib/action_dispatch/middleware/callbacks.rb:26:in `call'
actionpack (6.0.1) lib/action_dispatch/middleware/executor.rb:14:in `call'
actionpack (6.0.1) lib/action_dispatch/middleware/actionable_exceptions.rb:17:in `call'
actionpack (6.0.1) lib/action_dispatch/middleware/debug_exceptions.rb:32:in `call'
web-console (4.0.1) lib/web_console/middleware.rb:132:in `call_app'
web-console (4.0.1) lib/web_console/middleware.rb:19:in `block in call'
web-console (4.0.1) lib/web_console/middleware.rb:17:in `catch'
web-console (4.0.1) lib/web_console/middleware.rb:17:in `call'
actionpack (6.0.1) lib/action_dispatch/middleware/show_exceptions.rb:33:in `call'
railties (6.0.1) lib/rails/rack/logger.rb:38:in `call_app'
railties (6.0.1) lib/rails/rack/logger.rb:26:in `block in call'
activesupport (6.0.1) lib/active_support/tagged_logging.rb:80:in `block in tagged'
activesupport (6.0.1) lib/active_support/tagged_logging.rb:28:in `tagged'
activesupport (6.0.1) lib/active_support/tagged_logging.rb:80:in `tagged'
railties (6.0.1) lib/rails/rack/logger.rb:26:in `call'
sprockets-rails (3.2.1) lib/sprockets/rails/quiet_assets.rb:13:in `call'
actionpack (6.0.1) lib/action_dispatch/middleware/remote_ip.rb:81:in `call'
actionpack (6.0.1) lib/action_dispatch/middleware/request_id.rb:27:in `call'
rack (2.0.7) lib/rack/method_override.rb:22:in `call'
rack (2.0.7) lib/rack/runtime.rb:22:in `call'
activesupport (6.0.1) lib/active_support/cache/strategy/local_cache_middleware.rb:29:in `call'
actionpack (6.0.1) lib/action_dispatch/middleware/executor.rb:14:in `call'
actionpack (6.0.1) lib/action_dispatch/middleware/static.rb:126:in `call'
rack (2.0.7) lib/rack/sendfile.rb:111:in `call'
actionpack (6.0.1) lib/action_dispatch/middleware/host_authorization.rb:77:in `call'
webpacker (4.2.0) lib/webpacker/dev_server_proxy.rb:23:in `perform_request'
rack-proxy (0.6.5) lib/rack/proxy.rb:57:in `call'
railties (6.0.1) lib/rails/engine.rb:526:in `call'
puma (4.3.0) lib/puma/configuration.rb:228:in `call'
puma (4.3.0) lib/puma/server.rb:667:in `handle_request'
puma (4.3.0) lib/puma/server.rb:470:in `process_client'
puma (4.3.0) lib/puma/server.rb:328:in `block in run'
puma (4.3.0) lib/puma/thread_pool.rb:134:in `block in spawn_thread'
  [1m[35m (0.4ms)[0m  [1m[34mSELECT sqlite_version(*)[0m
  [1m[35m (17.7ms)[0m  [1m[35mCREATE TABLE "schema_migrations" ("version" varchar NOT NULL PRIMARY KEY)[0m
  [1m[35m (13.2ms)[0m  [1m[35mCREATE TABLE "ar_internal_metadata" ("key" varchar NOT NULL PRIMARY KEY, "value" varchar, "created_at" datetime(6) NOT NULL, "updated_at" datetime(6) NOT NULL)[0m
  [1m[35m (0.2ms)[0m  [1m[34mSELECT "schema_migrations"."version" FROM "schema_migrations" ORDER BY "schema_migrations"."version" ASC[0m
Migrating to CreateIssues (20191120133703)
  [1m[35m (0.1ms)[0m  [1m[36mbegin transaction[0m
  [1m[35m (0.4ms)[0m  [1m[35mCREATE TABLE "issues" ("id" integer PRIMARY KEY AUTOINCREMENT NOT NULL, "Title" varchar, "Description" varchar, "Type" integer, "Priority" integer, "Status" varchar, "assignee_id" integer, "user_id" integer, "Votes" integer, "attachment_file_name" varchar, "attachment_content_type" varchar, "attachment_file_size" integer, "attachment_update_at" datetime, "created_at" datetime(6) NOT NULL, "updated_at" datetime(6) NOT NULL)[0m
  [1m[36mprimary::SchemaMigration Create (0.2ms)[0m  [1m[32mINSERT INTO "schema_migrations" ("version") VALUES (?)[0m  [["version", "20191120133703"]]
  [1m[35m (15.3ms)[0m  [1m[36mcommit transaction[0m
Migrating to CreateUsers (20191120133707)
  [1m[35m (0.1ms)[0m  [1m[36mbegin transaction[0m
  [1m[35m (0.4ms)[0m  [1m[35mCREATE TABLE "users" ("id" integer PRIMARY KEY AUTOINCREMENT NOT NULL, "name" varchar, "email" varchar, "authentication_token" varchar, "created_at" datetime(6) NOT NULL, "updated_at" datetime(6) NOT NULL)[0m
  [1m[36mprimary::SchemaMigration Create (0.2ms)[0m  [1m[32mINSERT INTO "schema_migrations" ("version") VALUES (?)[0m  [["version", "20191120133707"]]
  [1m[35m (14.5ms)[0m  [1m[36mcommit transaction[0m
Migrating to CreateVotes (20191120133710)
  [1m[35m (0.1ms)[0m  [1m[36mbegin transaction[0m
  [1m[35m (0.4ms)[0m  [1m[35mCREATE TABLE "votes" ("id" integer PRIMARY KEY AUTOINCREMENT NOT NULL, "user_id" integer, "issue_id" integer, "created_at" datetime(6) NOT NULL, "updated_at" datetime(6) NOT NULL)[0m
  [1m[36mprimary::SchemaMigration Create (0.2ms)[0m  [1m[32mINSERT INTO "schema_migrations" ("version") VALUES (?)[0m  [["version", "20191120133710"]]
  [1m[35m (13.4ms)[0m  [1m[36mcommit transaction[0m
Migrating to CreateWatchers (20191120133713)
  [1m[35m (0.1ms)[0m  [1m[36mbegin transaction[0m
  [1m[35m (0.4ms)[0m  [1m[35mCREATE TABLE "watchers" ("id" integer PRIMARY KEY AUTOINCREMENT NOT NULL, "user_id" integer, "issue_id" integer, "created_at" datetime(6) NOT NULL, "updated_at" datetime(6) NOT NULL)[0m
  [1m[36mprimary::SchemaMigration Create (0.2ms)[0m  [1m[32mINSERT INTO "schema_migrations" ("version") VALUES (?)[0m  [["version", "20191120133713"]]
  [1m[35m (12.9ms)[0m  [1m[36mcommit transaction[0m
Migrating to CreateComments (20191120133716)
  [1m[35m (0.1ms)[0m  [1m[36mbegin transaction[0m
  [1m[35m (0.4ms)[0m  [1m[35mCREATE TABLE "comments" ("id" integer PRIMARY KEY AUTOINCREMENT NOT NULL, "body" text, "issue_id" integer, "user_id" integer, "attachment_file_name" varchar, "attachment_content_type" varchar, "attachment_file_size" integer, "attachment_update_at" datetime, "created_at" datetime(6) NOT NULL, "updated_at" datetime(6) NOT NULL)[0m
  [1m[36mprimary::SchemaMigration Create (0.2ms)[0m  [1m[32mINSERT INTO "schema_migrations" ("version") VALUES (?)[0m  [["version", "20191120133716"]]
  [1m[35m (13.6ms)[0m  [1m[36mcommit transaction[0m
  [1m[36mActiveRecord::InternalMetadata Load (0.2ms)[0m  [1m[34mSELECT "ar_internal_metadata".* FROM "ar_internal_metadata" WHERE "ar_internal_metadata"."key" = ? LIMIT ?[0m  [["key", "environment"], ["LIMIT", 1]]
  [1m[35m (0.1ms)[0m  [1m[36mbegin transaction[0m
  [1m[36mActiveRecord::InternalMetadata Create (0.3ms)[0m  [1m[32mINSERT INTO "ar_internal_metadata" ("key", "value", "created_at", "updated_at") VALUES (?, ?, ?, ?)[0m  [["key", "environment"], ["value", "development"], ["created_at", "2019-11-20 15:05:44.254140"], ["updated_at", "2019-11-20 15:05:44.254140"]]
  [1m[35m (11.8ms)[0m  [1m[36mcommit transaction[0m
  [1m[35m (0.1ms)[0m  [1m[34mSELECT sqlite_version(*)[0m
  [1m[35m (0.1ms)[0m  [1m[34mSELECT "schema_migrations"."version" FROM "schema_migrations" ORDER BY "schema_migrations"."version" ASC[0m
Started GET "/" for 83.47.133.27 at 2019-11-20 15:06:03 +0000
Cannot render console from 83.47.133.27! Allowed networks: 127.0.0.0/127.255.255.255, ::1
  [1m[35m (0.5ms)[0m  [1m[34mSELECT sqlite_version(*)[0m
  [1m[35m (0.2ms)[0m  [1m[34mSELECT "schema_migrations"."version" FROM "schema_migrations" ORDER BY "schema_migrations"."version" ASC[0m
Processing by IssuesController#index as HTML
  Rendering issues/index.html.erb within layouts/application
  [1m[35m (0.2ms)[0m  [1m[34mSELECT COUNT(*) FROM "issues"[0m
  ↳ app/views/issues/index.html.erb:30
  [1m[36mIssue Load (0.2ms)[0m  [1m[34mSELECT "issues".* FROM "issues" ORDER BY "issues"."created_at" DESC[0m
  ↳ app/views/issues/index.html.erb:63
  Rendered issues/index.html.erb within layouts/application (Duration: 6.4ms | Allocations: 2120)
[Webpacker] Compiling...
[Webpacker] Compiled all packs in /home/ubuntu/environment/IssueSupertracker/public/packs
[Webpacker] Hash: 53154d7baad00c6a1252
Version: webpack 4.41.2
Time: 2926ms
Built at: 11/20/2019 3:06:08 PM
                                     Asset       Size       Chunks                         Chunk Names
    js/application-0b67a3cc2fcde6055024.js    124 KiB  application  [emitted] [immutable]  application
js/application-0b67a3cc2fcde6055024.js.map    139 KiB  application  [emitted] [dev]        application
                             manifest.json  364 bytes               [emitted]              
Entrypoint application = js/application-0b67a3cc2fcde6055024.js js/application-0b67a3cc2fcde6055024.js.map
[./app/javascript/channels sync recursive _channel\.js$] ./app/javascript/channels sync _channel\.js$ 160 bytes {application} [built]
[./app/javascript/channels/index.js] 211 bytes {application} [built]
[./app/javascript/packs/application.js] 749 bytes {application} [built]
[./node_modules/webpack/buildin/module.js] (webpack)/buildin/module.js 552 bytes {application} [built]
    + 3 hidden modules

Completed 200 OK in 4940ms (Views: 4921.8ms | ActiveRecord: 0.8ms | Allocations: 40929)


Started GET "/" for 83.47.133.27 at 2019-11-20 15:12:34 +0000
Cannot render console from 83.47.133.27! Allowed networks: 127.0.0.0/127.255.255.255, ::1
  [1m[35m (0.4ms)[0m  [1m[34mSELECT sqlite_version(*)[0m
  [1m[35m (0.2ms)[0m  [1m[34mSELECT "schema_migrations"."version" FROM "schema_migrations" ORDER BY "schema_migrations"."version" ASC[0m
Processing by IssuesController#index as HTML
  Rendering issues/index.html.erb within layouts/application
  [1m[35m (0.2ms)[0m  [1m[34mSELECT COUNT(*) FROM "issues"[0m
  ↳ app/views/issues/index.html.erb:30
  [1m[36mIssue Load (0.2ms)[0m  [1m[34mSELECT "issues".* FROM "issues" ORDER BY "issues"."created_at" DESC[0m
  ↳ app/views/issues/index.html.erb:63
  Rendered issues/index.html.erb within layouts/application (Duration: 6.7ms | Allocations: 2120)
[Webpacker] Everything's up-to-date. Nothing to do
Completed 200 OK in 34ms (Views: 20.8ms | ActiveRecord: 0.9ms | Allocations: 15171)


Started GET "/" for 83.47.133.27 at 2019-11-20 16:06:58 +0000
Cannot render console from 83.47.133.27! Allowed networks: 127.0.0.0/127.255.255.255, ::1
  [1m[35m (1.5ms)[0m  [1m[34mSELECT sqlite_version(*)[0m
  [1m[35m (0.2ms)[0m  [1m[34mSELECT "schema_migrations"."version" FROM "schema_migrations" ORDER BY "schema_migrations"."version" ASC[0m
Processing by IssuesController#index as HTML
  Rendering issues/index.html.erb within layouts/application
  [1m[35m (0.6ms)[0m  [1m[34mSELECT COUNT(*) FROM "issues"[0m
  ↳ app/views/issues/index.html.erb:30
  [1m[36mIssue Load (0.2ms)[0m  [1m[34mSELECT "issues".* FROM "issues" ORDER BY "issues"."created_at" DESC[0m
  ↳ app/views/issues/index.html.erb:63
  Rendered issues/index.html.erb within layouts/application (Duration: 7.5ms | Allocations: 2283)
[Webpacker] Everything's up-to-date. Nothing to do
Completed 200 OK in 134ms (Views: 112.7ms | ActiveRecord: 1.2ms | Allocations: 45176)


Started GET "/issues/new" for 83.47.133.27 at 2019-11-20 16:07:05 +0000
Cannot render console from 83.47.133.27! Allowed networks: 127.0.0.0/127.255.255.255, ::1
Processing by IssuesController#new as HTML
  Rendering issues/new.html.erb within layouts/application
  [1m[36mUser Load (0.7ms)[0m  [1m[34mSELECT "users".* FROM "users"[0m
  ↳ app/views/issues/_form.html.erb:42
  Rendered issues/_form.html.erb (Duration: 25.8ms | Allocations: 8425)
  Rendered issues/new.html.erb within layouts/application (Duration: 27.8ms | Allocations: 8783)
[Webpacker] Everything's up-to-date. Nothing to do
Completed 200 OK in 47ms (Views: 33.3ms | ActiveRecord: 1.5ms | Allocations: 21732)


Started GET "/" for 83.47.133.27 at 2019-11-20 16:17:35 +0000
Cannot render console from 83.47.133.27! Allowed networks: 127.0.0.0/127.255.255.255, ::1
  [1m[35m (0.5ms)[0m  [1m[34mSELECT sqlite_version(*)[0m
  [1m[35m (0.2ms)[0m  [1m[34mSELECT "schema_migrations"."version" FROM "schema_migrations" ORDER BY "schema_migrations"."version" ASC[0m
Processing by IssuesController#index as HTML
  Rendering issues/index.html.erb within layouts/application
  [1m[35m (0.2ms)[0m  [1m[34mSELECT COUNT(*) FROM "issues"[0m
  ↳ app/views/issues/index.html.erb:30
  [1m[36mIssue Load (0.2ms)[0m  [1m[34mSELECT "issues".* FROM "issues" ORDER BY "issues"."created_at" DESC[0m
  ↳ app/views/issues/index.html.erb:63
  Rendered issues/index.html.erb within layouts/application (Duration: 5.9ms | Allocations: 2120)
[Webpacker] Everything's up-to-date. Nothing to do
Completed 200 OK in 32ms (Views: 19.4ms | ActiveRecord: 0.8ms | Allocations: 15120)


Started GET "/" for 83.47.133.27 at 2019-11-20 16:17:38 +0000
Cannot render console from 83.47.133.27! Allowed networks: 127.0.0.0/127.255.255.255, ::1
Processing by IssuesController#index as HTML
  Rendering issues/index.html.erb within layouts/application
  [1m[35m (0.2ms)[0m  [1m[34mSELECT COUNT(*) FROM "issues"[0m
  ↳ app/views/issues/index.html.erb:30
  [1m[36mIssue Load (0.1ms)[0m  [1m[34mSELECT "issues".* FROM "issues" ORDER BY "issues"."created_at" DESC[0m
  ↳ app/views/issues/index.html.erb:63
  Rendered issues/index.html.erb within layouts/application (Duration: 4.5ms | Allocations: 1231)
[Webpacker] Everything's up-to-date. Nothing to do
Completed 200 OK in 12ms (Views: 10.4ms | ActiveRecord: 0.3ms | Allocations: 4987)


Started GET "/issues" for 83.47.133.27 at 2019-11-20 16:17:42 +0000
Cannot render console from 83.47.133.27! Allowed networks: 127.0.0.0/127.255.255.255, ::1
Processing by IssuesController#index as HTML
  Rendering issues/index.html.erb within layouts/application
  [1m[35m (0.2ms)[0m  [1m[34mSELECT COUNT(*) FROM "issues"[0m
  ↳ app/views/issues/index.html.erb:30
  [1m[36mIssue Load (0.2ms)[0m  [1m[34mSELECT "issues".* FROM "issues" ORDER BY "issues"."created_at" DESC[0m
  ↳ app/views/issues/index.html.erb:63
  Rendered issues/index.html.erb within layouts/application (Duration: 17.9ms | Allocations: 1241)
[Webpacker] Everything's up-to-date. Nothing to do
Completed 200 OK in 25ms (Views: 23.8ms | ActiveRecord: 0.4ms | Allocations: 4994)


Started GET "/issues/new" for 83.47.133.27 at 2019-11-20 16:17:43 +0000
Cannot render console from 83.47.133.27! Allowed networks: 127.0.0.0/127.255.255.255, ::1
Processing by IssuesController#new as HTML
  Rendering issues/new.html.erb within layouts/application
  [1m[36mUser Load (0.2ms)[0m  [1m[34mSELECT "users".* FROM "users"[0m
  ↳ app/views/issues/_form.html.erb:42
  Rendered issues/_form.html.erb (Duration: 10.7ms | Allocations: 5598)
  Rendered issues/new.html.erb within layouts/application (Duration: 12.1ms | Allocations: 5955)
[Webpacker] Everything's up-to-date. Nothing to do
Completed 200 OK in 35ms (Views: 20.5ms | ActiveRecord: 1.1ms | Allocations: 18874)


Started GET "/issues" for 83.47.133.27 at 2019-11-20 16:17:53 +0000
Cannot render console from 83.47.133.27! Allowed networks: 127.0.0.0/127.255.255.255, ::1
Processing by IssuesController#index as HTML
  Rendering issues/index.html.erb within layouts/application
  [1m[35m (1.2ms)[0m  [1m[34mSELECT COUNT(*) FROM "issues"[0m
  ↳ app/views/issues/index.html.erb:30
  [1m[36mIssue Load (0.1ms)[0m  [1m[34mSELECT "issues".* FROM "issues" ORDER BY "issues"."created_at" DESC[0m
  ↳ app/views/issues/index.html.erb:63
  Rendered issues/index.html.erb within layouts/application (Duration: 8.0ms | Allocations: 1217)
[Webpacker] Everything's up-to-date. Nothing to do
Completed 200 OK in 24ms (Views: 20.1ms | ActiveRecord: 1.3ms | Allocations: 4957)


Started GET "/issues/new" for 83.47.133.27 at 2019-11-20 16:18:36 +0000
Cannot render console from 83.47.133.27! Allowed networks: 127.0.0.0/127.255.255.255, ::1
Processing by IssuesController#new as HTML
  Rendering issues/new.html.erb within layouts/application
  [1m[36mUser Load (0.2ms)[0m  [1m[34mSELECT "users".* FROM "users"[0m
  ↳ app/views/issues/_form.html.erb:42
  Rendered issues/_form.html.erb (Duration: 11.1ms | Allocations: 2559)
  Rendered issues/new.html.erb within layouts/application (Duration: 13.1ms | Allocations: 2646)
[Webpacker] Everything's up-to-date. Nothing to do
Completed 200 OK in 29ms (Views: 26.4ms | ActiveRecord: 0.2ms | Allocations: 6380)


Started GET "/issues" for 83.47.133.27 at 2019-11-20 16:18:37 +0000
Cannot render console from 83.47.133.27! Allowed networks: 127.0.0.0/127.255.255.255, ::1
Processing by IssuesController#index as HTML
  Rendering issues/index.html.erb within layouts/application
  [1m[35m (0.2ms)[0m  [1m[34mSELECT COUNT(*) FROM "issues"[0m
  ↳ app/views/issues/index.html.erb:30
  [1m[36mIssue Load (0.2ms)[0m  [1m[34mSELECT "issues".* FROM "issues" ORDER BY "issues"."created_at" DESC[0m
  ↳ app/views/issues/index.html.erb:63
  Rendered issues/index.html.erb within layouts/application (Duration: 7.2ms | Allocations: 1226)
[Webpacker] Everything's up-to-date. Nothing to do
Completed 200 OK in 35ms (Views: 32.6ms | ActiveRecord: 0.4ms | Allocations: 4987)


Started GET "/issues/new" for 83.47.133.27 at 2019-11-20 16:18:42 +0000
Cannot render console from 83.47.133.27! Allowed networks: 127.0.0.0/127.255.255.255, ::1
Processing by IssuesController#new as HTML
  Rendering issues/new.html.erb within layouts/application
  [1m[36mUser Load (0.2ms)[0m  [1m[34mSELECT "users".* FROM "users"[0m
  ↳ app/views/issues/_form.html.erb:42
  Rendered issues/_form.html.erb (Duration: 5.6ms | Allocations: 2552)
  Rendered issues/new.html.erb within layouts/application (Duration: 6.6ms | Allocations: 2638)
[Webpacker] Everything's up-to-date. Nothing to do
Completed 200 OK in 15ms (Views: 13.3ms | ActiveRecord: 0.2ms | Allocations: 6366)


Started POST "/issues" for 83.47.133.27 at 2019-11-20 16:18:49 +0000
Cannot render console from 83.47.133.27! Allowed networks: 127.0.0.0/127.255.255.255, ::1
Processing by IssuesController#create as HTML
  Parameters: {"authenticity_token"=>"fzb24Zult7fB1ZPiy0mVbMZol0cC9IOOdDq0GsYT7XeJxsTpW+AWftlwldXRt1aJ1HMcudD8qcnWdNsMmkB7AA==", "issue"=>{"Title"=>"ddd", "Description"=>"ddd", "Type"=>"Bug", "Priority"=>"Trivial", "Status"=>"Open", "assignee_id"=>""}, "commit"=>"Create Issue"}
  [1m[35m (0.1ms)[0m  [1m[36mbegin transaction[0m
  ↳ app/controllers/issues_controller.rb:66:in `block in create'
  [1m[36mIssue Create (1.0ms)[0m  [1m[32mINSERT INTO "issues" ("Title", "Description", "Type", "Priority", "Status", "created_at", "updated_at") VALUES (?, ?, ?, ?, ?, ?, ?)[0m  [["Title", "ddd"], ["Description", "ddd"], ["Type", 0], ["Priority", 0], ["Status", "Open"], ["created_at", "2019-11-20 16:18:49.101304"], ["updated_at", "2019-11-20 16:18:49.101304"]]
  ↳ app/controllers/issues_controller.rb:66:in `block in create'
  [1m[35m (12.0ms)[0m  [1m[36mcommit transaction[0m
  ↳ app/controllers/issues_controller.rb:66:in `block in create'
Redirected to https://546dd1867a314fd594a51d05f4572744.vfs.cloud9.us-east-2.amazonaws.com/issues/1
Completed 302 Found in 24ms (ActiveRecord: 13.2ms | Allocations: 4157)


Started GET "/issues/1" for 83.47.133.27 at 2019-11-20 16:18:49 +0000
Cannot render console from 83.47.133.27! Allowed networks: 127.0.0.0/127.255.255.255, ::1
Processing by IssuesController#show as HTML
  Parameters: {"id"=>"1"}
  [1m[36mIssue Load (0.3ms)[0m  [1m[34mSELECT "issues".* FROM "issues" WHERE "issues"."id" = ? ORDER BY "issues"."created_at" DESC LIMIT ?[0m  [["id", 1], ["LIMIT", 1]]
  ↳ app/controllers/issues_controller.rb:103:in `set_issue'
  Rendering issues/show.html.erb within layouts/application
  Rendered issues/show.html.erb within layouts/application (Duration: 1.4ms | Allocations: 526)
[Webpacker] Everything's up-to-date. Nothing to do
Completed 200 OK in 14ms (Views: 7.8ms | ActiveRecord: 0.3ms | Allocations: 5781)


Started GET "/issues" for 83.47.133.27 at 2019-11-20 16:18:51 +0000
Cannot render console from 83.47.133.27! Allowed networks: 127.0.0.0/127.255.255.255, ::1
Processing by IssuesController#index as HTML
  Rendering issues/index.html.erb within layouts/application
  [1m[35m (0.2ms)[0m  [1m[34mSELECT COUNT(*) FROM "issues"[0m
  ↳ app/views/issues/index.html.erb:30
  [1m[36mIssue Load (0.1ms)[0m  [1m[34mSELECT "issues".* FROM "issues" ORDER BY "issues"."created_at" DESC[0m
  ↳ app/views/issues/index.html.erb:63
  Rendered issues/index.html.erb within layouts/application (Duration: 6.0ms | Allocations: 1675)
[Webpacker] Everything's up-to-date. Nothing to do
Completed 200 OK in 14ms (Views: 12.2ms | ActiveRecord: 0.3ms | Allocations: 5420)


Started GET "/issues?status=Open" for 83.47.133.27 at 2019-11-20 16:18:58 +0000
Cannot render console from 83.47.133.27! Allowed networks: 127.0.0.0/127.255.255.255, ::1
Processing by IssuesController#index as HTML
  Parameters: {"status"=>"Open"}
  Rendering issues/index.html.erb within layouts/application
  [1m[35m (0.2ms)[0m  [1m[34mSELECT COUNT(*) FROM "issues" WHERE "issues"."Status" = ?[0m  [["Status", "Open"]]
  ↳ app/views/issues/index.html.erb:30
  [1m[36mIssue Load (0.2ms)[0m  [1m[34mSELECT "issues".* FROM "issues" WHERE "issues"."Status" = ? ORDER BY "issues"."created_at" DESC[0m  [["Status", "Open"]]
  ↳ app/views/issues/index.html.erb:63
  Rendered issues/index.html.erb within layouts/application (Duration: 5.9ms | Allocations: 1726)
[Webpacker] Everything's up-to-date. Nothing to do
Completed 200 OK in 14ms (Views: 11.9ms | ActiveRecord: 0.5ms | Allocations: 5510)


Started DELETE "/issues/1" for 83.47.133.27 at 2019-11-20 16:19:27 +0000
Cannot render console from 83.47.133.27! Allowed networks: 127.0.0.0/127.255.255.255, ::1
Processing by IssuesController#destroy as HTML
  Parameters: {"authenticity_token"=>"gfY8JWrFrRJ9c1ANg0NfsJCzNIjPp5+d8nDwv9fa5V3czeLL0MAIZIinZNRUnTn4ATZeRotDTQB9LduMytRp3A==", "id"=>"1"}
  [1m[36mIssue Load (0.2ms)[0m  [1m[34mSELECT "issues".* FROM "issues" WHERE "issues"."id" = ? ORDER BY "issues"."created_at" DESC LIMIT ?[0m  [["id", 1], ["LIMIT", 1]]
  ↳ app/controllers/issues_controller.rb:103:in `set_issue'
  [1m[35m (0.1ms)[0m  [1m[36mbegin transaction[0m
  ↳ app/controllers/issues_controller.rb:93:in `destroy'
  [1m[36mComment Load (0.6ms)[0m  [1m[34mSELECT "comments".* FROM "comments" WHERE "comments"."issue_id" = ?[0m  [["issue_id", 1]]
  ↳ app/controllers/issues_controller.rb:93:in `destroy'
  [1m[36mVote Load (0.6ms)[0m  [1m[34mSELECT "votes".* FROM "votes" WHERE "votes"."issue_id" = ?[0m  [["issue_id", 1]]
  ↳ app/controllers/issues_controller.rb:93:in `destroy'
  [1m[36mWatcher Load (0.1ms)[0m  [1m[34mSELECT "watchers".* FROM "watchers" WHERE "watchers"."issue_id" = ?[0m  [["issue_id", 1]]
  ↳ app/controllers/issues_controller.rb:93:in `destroy'
  [1m[36mIssue Destroy (0.4ms)[0m  [1m[31mDELETE FROM "issues" WHERE "issues"."id" = ?[0m  [["id", 1]]
  ↳ app/controllers/issues_controller.rb:93:in `destroy'
  [1m[35m (12.7ms)[0m  [1m[36mcommit transaction[0m
  ↳ app/controllers/issues_controller.rb:93:in `destroy'
Redirected to https://546dd1867a314fd594a51d05f4572744.vfs.cloud9.us-east-2.amazonaws.com/issues
Completed 302 Found in 63ms (ActiveRecord: 15.7ms | Allocations: 15900)


Started GET "/issues" for 83.47.133.27 at 2019-11-20 16:19:27 +0000
Cannot render console from 83.47.133.27! Allowed networks: 127.0.0.0/127.255.255.255, ::1
Processing by IssuesController#index as HTML
  Rendering issues/index.html.erb within layouts/application
  [1m[35m (0.2ms)[0m  [1m[34mSELECT COUNT(*) FROM "issues"[0m
  ↳ app/views/issues/index.html.erb:30
  [1m[36mIssue Load (0.1ms)[0m  [1m[34mSELECT "issues".* FROM "issues" ORDER BY "issues"."created_at" DESC[0m
  ↳ app/views/issues/index.html.erb:63
  Rendered issues/index.html.erb within layouts/application (Duration: 3.9ms | Allocations: 1216)
[Webpacker] Everything's up-to-date. Nothing to do
Completed 200 OK in 11ms (Views: 9.3ms | ActiveRecord: 0.3ms | Allocations: 4973)


Started GET "/issues" for 83.47.133.27 at 2019-11-20 17:08:37 +0000
Cannot render console from 83.47.133.27! Allowed networks: 127.0.0.0/127.255.255.255, ::1
  
NameError (undefined local variable or method `‘auth' for #<ActionDispatch::Routing::Mapper:0x00007f3eb420a748>):
  
config/routes.rb:11:in `block in <main>'
config/routes.rb:1:in `<main>'
Started GET "/" for 83.47.133.27 at 2019-11-20 17:17:14 +0000
Cannot render console from 83.47.133.27! Allowed networks: 127.0.0.0/127.255.255.255, ::1
  [1m[35m (0.1ms)[0m  [1m[34mSELECT sqlite_version(*)[0m
Processing by IssuesController#index as HTML
  Rendering issues/index.html.erb within layouts/application
  [1m[35m (0.6ms)[0m  [1m[34mSELECT COUNT(*) FROM "issues"[0m
  ↳ app/views/issues/index.html.erb:30
  [1m[36mIssue Load (0.2ms)[0m  [1m[34mSELECT "issues".* FROM "issues" ORDER BY "issues"."created_at" DESC[0m
  ↳ app/views/issues/index.html.erb:63
  Rendered issues/index.html.erb within layouts/application (Duration: 5.1ms | Allocations: 1269)
[Webpacker] Everything's up-to-date. Nothing to do
Completed 200 OK in 22ms (Views: 15.1ms | ActiveRecord: 0.8ms | Allocations: 7920)


Started GET "/" for 83.47.133.27 at 2019-11-20 17:17:17 +0000
Cannot render console from 83.47.133.27! Allowed networks: 127.0.0.0/127.255.255.255, ::1
Processing by IssuesController#index as HTML
  Rendering issues/index.html.erb within layouts/application
  [1m[35m (0.2ms)[0m  [1m[34mSELECT COUNT(*) FROM "issues"[0m
  ↳ app/views/issues/index.html.erb:30
  [1m[36mIssue Load (0.1ms)[0m  [1m[34mSELECT "issues".* FROM "issues" ORDER BY "issues"."created_at" DESC[0m
  ↳ app/views/issues/index.html.erb:63
  Rendered issues/index.html.erb within layouts/application (Duration: 4.7ms | Allocations: 1216)
[Webpacker] Everything's up-to-date. Nothing to do
Completed 200 OK in 12ms (Views: 10.6ms | ActiveRecord: 0.3ms | Allocations: 4983)


Started GET "/issues/new" for 83.47.133.27 at 2019-11-20 17:18:10 +0000
Cannot render console from 83.47.133.27! Allowed networks: 127.0.0.0/127.255.255.255, ::1
Processing by IssuesController#new as HTML
  Rendering issues/new.html.erb within layouts/application
  [1m[36mUser Load (0.6ms)[0m  [1m[34mSELECT "users".* FROM "users"[0m
  ↳ app/views/issues/_form.html.erb:42
  Rendered issues/_form.html.erb (Duration: 13.2ms | Allocations: 5321)
  Rendered issues/new.html.erb within layouts/application (Duration: 14.0ms | Allocations: 5407)
[Webpacker] Everything's up-to-date. Nothing to do
Completed 200 OK in 32ms (Views: 19.5ms | ActiveRecord: 0.6ms | Allocations: 17313)


Started GET "/" for 83.47.133.27 at 2019-11-20 17:23:13 +0000
Cannot render console from 83.47.133.27! Allowed networks: 127.0.0.0/127.255.255.255, ::1
Processing by IssuesController#index as HTML
  Rendering issues/index.html.erb within layouts/application
  [1m[35m (0.2ms)[0m  [1m[34mSELECT COUNT(*) FROM "issues"[0m
  ↳ app/views/issues/index.html.erb:30
  [1m[36mIssue Load (0.1ms)[0m  [1m[34mSELECT "issues".* FROM "issues" ORDER BY "issues"."created_at" DESC[0m
  ↳ app/views/issues/index.html.erb:63
  Rendered issues/index.html.erb within layouts/application (Duration: 6.6ms | Allocations: 1216)
[Webpacker] Everything's up-to-date. Nothing to do
Completed 200 OK in 15ms (Views: 13.2ms | ActiveRecord: 0.3ms | Allocations: 4964)


Started GET "/" for 127.0.0.1 at 2019-11-21 01:40:10 +0100
  [1m[35m (1.6ms)[0m  [1m[34mSELECT sqlite_version(*)[0m
  [1m[35m (0.1ms)[0m  [1m[34mSELECT "schema_migrations"."version" FROM "schema_migrations" ORDER BY "schema_migrations"."version" ASC[0m
Processing by IssuesController#index as HTML
  Rendering issues/index.html.erb within layouts/application
  [1m[35m (0.1ms)[0m  [1m[34mSELECT COUNT(*) FROM "issues"[0m
  ↳ app/views/issues/index.html.erb:30
  [1m[36mIssue Load (0.1ms)[0m  [1m[34mSELECT "issues".* FROM "issues"[0m
  ↳ app/views/issues/index.html.erb:60
  Rendered issues/index.html.erb within layouts/application (Duration: 19.1ms | Allocations: 17101)
[Webpacker] Everything's up-to-date. Nothing to do
Completed 200 OK in 108ms (Views: 81.8ms | ActiveRecord: 0.8ms | Allocations: 64375)


Started GET "/issues?direction=desc&sort=Votes" for 127.0.0.1 at 2019-11-21 01:40:16 +0100
Processing by IssuesController#index as HTML
  Parameters: {"direction"=>"desc", "sort"=>"Votes"}
  Rendering issues/index.html.erb within layouts/application
  [1m[35m (0.5ms)[0m  [1m[34mSELECT COUNT(*) FROM "issues"[0m
  ↳ app/views/issues/index.html.erb:30
  [1m[36mIssue Load (0.6ms)[0m  [1m[34mSELECT "issues".* FROM "issues" ORDER BY Votes desc[0m
  ↳ app/views/issues/index.html.erb:60
  Rendered issues/index.html.erb within layouts/application (Duration: 16.8ms | Allocations: 3215)
[Webpacker] Everything's up-to-date. Nothing to do
Completed 200 OK in 29ms (Views: 25.5ms | ActiveRecord: 1.1ms | Allocations: 7005)


Started GET "/issues?direction=desc&sort=assignee_id" for 127.0.0.1 at 2019-11-21 01:40:18 +0100
Processing by IssuesController#index as HTML
  Parameters: {"direction"=>"desc", "sort"=>"assignee_id"}
  Rendering issues/index.html.erb within layouts/application
  [1m[35m (0.2ms)[0m  [1m[34mSELECT COUNT(*) FROM "issues"[0m
  ↳ app/views/issues/index.html.erb:30
  [1m[36mIssue Load (0.2ms)[0m  [1m[34mSELECT "issues".* FROM "issues" ORDER BY assignee_id desc[0m
  ↳ app/views/issues/index.html.erb:60
  Rendered issues/index.html.erb within layouts/application (Duration: 4.8ms | Allocations: 3201)
[Webpacker] Everything's up-to-date. Nothing to do
Completed 200 OK in 9ms (Views: 8.3ms | ActiveRecord: 0.3ms | Allocations: 6942)


Started GET "/issues?direction=desc&sort=created_at" for 127.0.0.1 at 2019-11-21 01:40:19 +0100
Processing by IssuesController#index as HTML
  Parameters: {"direction"=>"desc", "sort"=>"created_at"}
  Rendering issues/index.html.erb within layouts/application
  [1m[35m (0.1ms)[0m  [1m[34mSELECT COUNT(*) FROM "issues"[0m
  ↳ app/views/issues/index.html.erb:30
  [1m[36mIssue Load (0.2ms)[0m  [1m[34mSELECT "issues".* FROM "issues" ORDER BY created_at desc[0m
  ↳ app/views/issues/index.html.erb:60
  Rendered issues/index.html.erb within layouts/application (Duration: 4.9ms | Allocations: 3201)
[Webpacker] Everything's up-to-date. Nothing to do
Completed 200 OK in 13ms (Views: 11.6ms | ActiveRecord: 0.3ms | Allocations: 6945)


Started GET "/issues?direction=desc&sort=Type" for 127.0.0.1 at 2019-11-21 01:40:22 +0100
Processing by IssuesController#index as HTML
  Parameters: {"direction"=>"desc", "sort"=>"Type"}
  Rendering issues/index.html.erb within layouts/application
  [1m[35m (0.4ms)[0m  [1m[34mSELECT COUNT(*) FROM "issues"[0m
  ↳ app/views/issues/index.html.erb:30
  [1m[36mIssue Load (0.3ms)[0m  [1m[34mSELECT "issues".* FROM "issues" ORDER BY Type desc[0m
  ↳ app/views/issues/index.html.erb:60
  Rendered issues/index.html.erb within layouts/application (Duration: 33.2ms | Allocations: 3203)
[Webpacker] Everything's up-to-date. Nothing to do
Completed 200 OK in 42ms (Views: 39.1ms | ActiveRecord: 0.7ms | Allocations: 6950)


Started GET "/issues?direction=desc&sort=created_at" for 127.0.0.1 at 2019-11-21 01:40:23 +0100
Processing by IssuesController#index as HTML
  Parameters: {"direction"=>"desc", "sort"=>"created_at"}
  Rendering issues/index.html.erb within layouts/application
  [1m[35m (0.2ms)[0m  [1m[34mSELECT COUNT(*) FROM "issues"[0m
  ↳ app/views/issues/index.html.erb:30
  [1m[36mIssue Load (0.2ms)[0m  [1m[34mSELECT "issues".* FROM "issues" ORDER BY created_at desc[0m
  ↳ app/views/issues/index.html.erb:60
  Rendered issues/index.html.erb within layouts/application (Duration: 5.7ms | Allocations: 3191)
[Webpacker] Everything's up-to-date. Nothing to do
Completed 200 OK in 12ms (Views: 10.9ms | ActiveRecord: 0.4ms | Allocations: 6930)


Started GET "/issues/new" for 127.0.0.1 at 2019-11-21 01:40:27 +0100
Processing by IssuesController#new as HTML
  Rendering issues/new.html.erb within layouts/application
  [1m[36mUser Load (0.2ms)[0m  [1m[34mSELECT "users".* FROM "users"[0m
  ↳ app/views/issues/_form.html.erb:42
  Rendered issues/_form.html.erb (Duration: 31.8ms | Allocations: 5458)
  Rendered issues/new.html.erb within layouts/application (Duration: 33.7ms | Allocations: 5813)
[Webpacker] Everything's up-to-date. Nothing to do
Completed 200 OK in 41ms (Views: 38.1ms | ActiveRecord: 0.7ms | Allocations: 9629)


Started GET "/issues" for 127.0.0.1 at 2019-11-21 01:40:29 +0100
Processing by IssuesController#index as HTML
  Rendering issues/index.html.erb within layouts/application
  [1m[35m (0.3ms)[0m  [1m[34mSELECT COUNT(*) FROM "issues"[0m
  ↳ app/views/issues/index.html.erb:30
  [1m[36mIssue Load (0.3ms)[0m  [1m[34mSELECT "issues".* FROM "issues"[0m
  ↳ app/views/issues/index.html.erb:60
  Rendered issues/index.html.erb within layouts/application (Duration: 15.0ms | Allocations: 3172)
[Webpacker] Everything's up-to-date. Nothing to do
Completed 200 OK in 30ms (Views: 27.0ms | ActiveRecord: 0.7ms | Allocations: 6908)


Started GET "/issues" for 127.0.0.1 at 2019-11-21 01:44:38 +0100
  [1m[35m (0.3ms)[0m  [1m[34mSELECT sqlite_version(*)[0m
  [1m[35m (0.2ms)[0m  [1m[34mSELECT "schema_migrations"."version" FROM "schema_migrations" ORDER BY "schema_migrations"."version" ASC[0m
Processing by IssuesController#index as HTML
  Rendering issues/index.html.erb within layouts/application
  [1m[35m (0.1ms)[0m  [1m[34mSELECT COUNT(*) FROM "issues"[0m
  ↳ app/views/issues/index.html.erb:30
  [1m[36mIssue Load (0.2ms)[0m  [1m[34mSELECT "issues".* FROM "issues"[0m
  ↳ app/views/issues/index.html.erb:60
  Rendered issues/index.html.erb within layouts/application (Duration: 43.4ms | Allocations: 15252)
[Webpacker] Everything's up-to-date. Nothing to do
Completed 200 OK in 377ms (Views: 358.8ms | ActiveRecord: 1.9ms | Allocations: 121893)


Started GET "/issues" for 127.0.0.1 at 2019-11-21 01:46:50 +0100
Processing by IssuesController#index as HTML
  Rendering issues/index.html.erb within layouts/application
  [1m[35m (0.4ms)[0m  [1m[34mSELECT COUNT(*) FROM "issues"[0m
  ↳ app/views/issues/index.html.erb:30
  [1m[36mIssue Load (0.4ms)[0m  [1m[34mSELECT "issues".* FROM "issues"[0m
  ↳ app/views/issues/index.html.erb:60
  Rendered issues/index.html.erb within layouts/application (Duration: 17.0ms | Allocations: 3188)
[Webpacker] Everything's up-to-date. Nothing to do
Completed 200 OK in 219ms (Views: 215.2ms | ActiveRecord: 0.8ms | Allocations: 62890)


Started GET "/issues" for 127.0.0.1 at 2019-11-21 01:46:51 +0100
Processing by IssuesController#index as HTML
  Rendering issues/index.html.erb within layouts/application
  [1m[35m (0.4ms)[0m  [1m[34mSELECT COUNT(*) FROM "issues"[0m
  ↳ app/views/issues/index.html.erb:30
  [1m[36mIssue Load (0.5ms)[0m  [1m[34mSELECT "issues".* FROM "issues"[0m
  ↳ app/views/issues/index.html.erb:60
  Rendered issues/index.html.erb within layouts/application (Duration: 15.1ms | Allocations: 3164)
[Webpacker] Everything's up-to-date. Nothing to do
Completed 200 OK in 34ms (Views: 31.1ms | ActiveRecord: 0.9ms | Allocations: 10915)


Started GET "/issues" for 127.0.0.1 at 2019-11-21 01:50:47 +0100
Processing by IssuesController#index as HTML
  Rendering issues/index.html.erb within layouts/application
  [1m[35m (0.4ms)[0m  [1m[34mSELECT COUNT(*) FROM "issues"[0m
  ↳ app/views/issues/index.html.erb:30
  [1m[36mIssue Load (0.3ms)[0m  [1m[34mSELECT "issues".* FROM "issues"[0m
  ↳ app/views/issues/index.html.erb:60
  Rendered issues/index.html.erb within layouts/application (Duration: 13.5ms | Allocations: 3174)
[Webpacker] Everything's up-to-date. Nothing to do
Completed 200 OK in 217ms (Views: 214.2ms | ActiveRecord: 0.7ms | Allocations: 65241)


Started GET "/issues" for 127.0.0.1 at 2019-11-21 01:50:48 +0100
Processing by IssuesController#index as HTML
  Rendering issues/index.html.erb within layouts/application
  [1m[35m (0.4ms)[0m  [1m[34mSELECT COUNT(*) FROM "issues"[0m
  ↳ app/views/issues/index.html.erb:30
  [1m[36mIssue Load (0.2ms)[0m  [1m[34mSELECT "issues".* FROM "issues"[0m
  ↳ app/views/issues/index.html.erb:60
  Rendered issues/index.html.erb within layouts/application (Duration: 9.5ms | Allocations: 3164)
[Webpacker] Everything's up-to-date. Nothing to do
Completed 200 OK in 23ms (Views: 20.2ms | ActiveRecord: 0.6ms | Allocations: 11125)


Started GET "/" for 127.0.0.1 at 2019-11-21 01:54:28 +0100
Processing by IssuesController#index as HTML
  Rendering issues/index.html.erb within layouts/application
  [1m[35m (0.2ms)[0m  [1m[34mSELECT COUNT(*) FROM "issues"[0m
  ↳ app/views/issues/index.html.erb:30
  [1m[36mIssue Load (0.2ms)[0m  [1m[34mSELECT "issues".* FROM "issues"[0m
  ↳ app/views/issues/index.html.erb:60
  Rendered issues/index.html.erb within layouts/application (Duration: 6.1ms | Allocations: 3163)
[Webpacker] Everything's up-to-date. Nothing to do
Completed 200 OK in 177ms (Views: 175.6ms | ActiveRecord: 0.4ms | Allocations: 68338)


Started GET "/" for 127.0.0.1 at 2019-11-21 01:58:40 +0100
Processing by IssuesController#index as HTML
  Rendering issues/index.html.erb within layouts/application
  [1m[35m (0.4ms)[0m  [1m[34mSELECT COUNT(*) FROM "issues"[0m
  ↳ app/views/issues/index.html.erb:30
  [1m[36mIssue Load (0.3ms)[0m  [1m[34mSELECT "issues".* FROM "issues"[0m
  ↳ app/views/issues/index.html.erb:61
  Rendered issues/index.html.erb within layouts/application (Duration: 16.0ms | Allocations: 3941)
[Webpacker] Everything's up-to-date. Nothing to do
Completed 200 OK in 38ms (Views: 33.9ms | ActiveRecord: 0.7ms | Allocations: 12837)


Started GET "/issues?direction=desc&sort=Type" for 127.0.0.1 at 2019-11-21 01:59:06 +0100
Processing by IssuesController#index as HTML
  Parameters: {"direction"=>"desc", "sort"=>"Type"}
  Rendering issues/index.html.erb within layouts/application
  [1m[35m (0.4ms)[0m  [1m[34mSELECT COUNT(*) FROM "issues"[0m
  ↳ app/views/issues/index.html.erb:30
  [1m[36mIssue Load (0.8ms)[0m  [1m[34mSELECT "issues".* FROM "issues" ORDER BY Type desc[0m
  ↳ app/views/issues/index.html.erb:61
  Rendered issues/index.html.erb within layouts/application (Duration: 15.7ms | Allocations: 3173)
[Webpacker] Everything's up-to-date. Nothing to do
Completed 200 OK in 34ms (Views: 30.6ms | ActiveRecord: 1.2ms | Allocations: 11130)


Started GET "/issues?direction=desc&sort=assignee_id" for 127.0.0.1 at 2019-11-21 01:59:08 +0100
Processing by IssuesController#index as HTML
  Parameters: {"direction"=>"desc", "sort"=>"assignee_id"}
  Rendering issues/index.html.erb within layouts/application
  [1m[35m (0.4ms)[0m  [1m[34mSELECT COUNT(*) FROM "issues"[0m
  ↳ app/views/issues/index.html.erb:30
  [1m[36mIssue Load (0.6ms)[0m  [1m[34mSELECT "issues".* FROM "issues" ORDER BY assignee_id desc[0m
  ↳ app/views/issues/index.html.erb:61
  Rendered issues/index.html.erb within layouts/application (Duration: 17.6ms | Allocations: 3169)
[Webpacker] Everything's up-to-date. Nothing to do
Completed 200 OK in 34ms (Views: 31.3ms | ActiveRecord: 1.0ms | Allocations: 11145)


Started GET "/issues?direction=desc&sort=assignee_id" for 127.0.0.1 at 2019-11-21 02:00:24 +0100
Processing by IssuesController#index as HTML
  Parameters: {"direction"=>"desc", "sort"=>"assignee_id"}
  Rendering issues/index.html.erb within layouts/application
  [1m[35m (0.3ms)[0m  [1m[34mSELECT COUNT(*) FROM "issues"[0m
  ↳ app/views/issues/index.html.erb:30
  [1m[36mIssue Load (0.4ms)[0m  [1m[34mSELECT "issues".* FROM "issues" ORDER BY assignee_id desc[0m
  ↳ app/views/issues/index.html.erb:61
  Rendered issues/index.html.erb within layouts/application (Duration: 11.9ms | Allocations: 3960)
[Webpacker] Everything's up-to-date. Nothing to do
Completed 200 OK in 29ms (Views: 26.4ms | ActiveRecord: 0.7ms | Allocations: 12854)


Started GET "/issues?direction=desc&sort=assignee_id" for 127.0.0.1 at 2019-11-21 02:00:25 +0100
Processing by IssuesController#index as HTML
  Parameters: {"direction"=>"desc", "sort"=>"assignee_id"}
  Rendering issues/index.html.erb within layouts/application
  [1m[35m (0.4ms)[0m  [1m[34mSELECT COUNT(*) FROM "issues"[0m
  ↳ app/views/issues/index.html.erb:30
  [1m[36mIssue Load (0.5ms)[0m  [1m[34mSELECT "issues".* FROM "issues" ORDER BY assignee_id desc[0m
  ↳ app/views/issues/index.html.erb:61
  Rendered issues/index.html.erb within layouts/application (Duration: 13.2ms | Allocations: 3172)
[Webpacker] Everything's up-to-date. Nothing to do
Completed 200 OK in 28ms (Views: 25.5ms | ActiveRecord: 0.9ms | Allocations: 11123)


Started GET "/issues?direction=desc&sort=assignee_id" for 127.0.0.1 at 2019-11-21 02:01:12 +0100
Processing by IssuesController#index as HTML
  Parameters: {"direction"=>"desc", "sort"=>"assignee_id"}
  Rendering issues/index.html.erb within layouts/application
  [1m[35m (0.3ms)[0m  [1m[34mSELECT COUNT(*) FROM "issues"[0m
  ↳ app/views/issues/index.html.erb:30
  [1m[36mIssue Load (0.7ms)[0m  [1m[34mSELECT "issues".* FROM "issues" ORDER BY assignee_id desc[0m
  ↳ app/views/issues/index.html.erb:61
  Rendered issues/index.html.erb within layouts/application (Duration: 15.0ms | Allocations: 3957)
[Webpacker] Everything's up-to-date. Nothing to do
Completed 200 OK in 32ms (Views: 28.2ms | ActiveRecord: 1.0ms | Allocations: 12844)


Started GET "/issues?direction=desc&sort=assignee_id" for 127.0.0.1 at 2019-11-21 02:01:51 +0100
Processing by IssuesController#index as HTML
  Parameters: {"direction"=>"desc", "sort"=>"assignee_id"}
  Rendering issues/index.html.erb within layouts/application
  [1m[35m (0.2ms)[0m  [1m[34mSELECT COUNT(*) FROM "issues"[0m
  ↳ app/views/issues/index.html.erb:46
  [1m[36mIssue Load (0.4ms)[0m  [1m[34mSELECT "issues".* FROM "issues" ORDER BY assignee_id desc[0m
  ↳ app/views/issues/index.html.erb:62
  Rendered issues/index.html.erb within layouts/application (Duration: 10.3ms | Allocations: 3970)
[Webpacker] Everything's up-to-date. Nothing to do
Completed 200 OK in 29ms (Views: 26.9ms | ActiveRecord: 0.6ms | Allocations: 12872)


Started GET "/issues?direction=desc&sort=assignee_id" for 127.0.0.1 at 2019-11-21 02:01:52 +0100
Processing by IssuesController#index as HTML
  Parameters: {"direction"=>"desc", "sort"=>"assignee_id"}
  Rendering issues/index.html.erb within layouts/application
  [1m[35m (0.4ms)[0m  [1m[34mSELECT COUNT(*) FROM "issues"[0m
  ↳ app/views/issues/index.html.erb:46
  [1m[36mIssue Load (0.6ms)[0m  [1m[34mSELECT "issues".* FROM "issues" ORDER BY assignee_id desc[0m
  ↳ app/views/issues/index.html.erb:62
  Rendered issues/index.html.erb within layouts/application (Duration: 16.2ms | Allocations: 3172)
[Webpacker] Everything's up-to-date. Nothing to do
Completed 200 OK in 30ms (Views: 26.9ms | ActiveRecord: 1.0ms | Allocations: 11129)


Started GET "/issues?direction=desc&sort=assignee_id" for 127.0.0.1 at 2019-11-21 02:02:15 +0100
Processing by IssuesController#index as HTML
  Parameters: {"direction"=>"desc", "sort"=>"assignee_id"}
  Rendering issues/index.html.erb within layouts/application
  [1m[35m (0.1ms)[0m  [1m[34mSELECT COUNT(*) FROM "issues"[0m
  ↳ app/views/issues/index.html.erb:46
  [1m[36mIssue Load (0.2ms)[0m  [1m[34mSELECT "issues".* FROM "issues" ORDER BY assignee_id desc[0m
  ↳ app/views/issues/index.html.erb:62
  Rendered issues/index.html.erb within layouts/application (Duration: 4.0ms | Allocations: 3158)
[Webpacker] Everything's up-to-date. Nothing to do
Completed 200 OK in 207ms (Views: 204.5ms | ActiveRecord: 0.3ms | Allocations: 68341)


Started GET "/issues?direction=desc&sort=assignee_id" for 127.0.0.1 at 2019-11-21 02:03:39 +0100
Processing by IssuesController#index as HTML
  Parameters: {"direction"=>"desc", "sort"=>"assignee_id"}
  Rendering issues/index.html.erb within layouts/application
  [1m[35m (0.3ms)[0m  [1m[34mSELECT COUNT(*) FROM "issues"[0m
  ↳ app/views/issues/index.html.erb:46
  [1m[36mIssue Load (0.3ms)[0m  [1m[34mSELECT "issues".* FROM "issues" ORDER BY assignee_id desc[0m
  ↳ app/views/issues/index.html.erb:62
  Rendered issues/index.html.erb within layouts/application (Duration: 15.4ms | Allocations: 3963)
[Webpacker] Everything's up-to-date. Nothing to do
Completed 200 OK in 256ms (Views: 253.3ms | ActiveRecord: 0.6ms | Allocations: 70146)


Started GET "/issues?direction=desc&sort=assignee_id" for 127.0.0.1 at 2019-11-21 02:03:41 +0100
Processing by IssuesController#index as HTML
  Parameters: {"direction"=>"desc", "sort"=>"assignee_id"}
  Rendering issues/index.html.erb within layouts/application
  [1m[35m (0.4ms)[0m  [1m[34mSELECT COUNT(*) FROM "issues"[0m
  ↳ app/views/issues/index.html.erb:46
  [1m[36mIssue Load (0.4ms)[0m  [1m[34mSELECT "issues".* FROM "issues" ORDER BY assignee_id desc[0m
  ↳ app/views/issues/index.html.erb:62
  Rendered issues/index.html.erb within layouts/application (Duration: 10.5ms | Allocations: 3173)
[Webpacker] Everything's up-to-date. Nothing to do
Completed 200 OK in 25ms (Views: 21.6ms | ActiveRecord: 0.7ms | Allocations: 11133)


Started GET "/issues?direction=desc&sort=assignee_id" for 127.0.0.1 at 2019-11-21 02:04:11 +0100
Processing by IssuesController#index as HTML
  Parameters: {"direction"=>"desc", "sort"=>"assignee_id"}
  Rendering issues/index.html.erb within layouts/application
  [1m[35m (0.4ms)[0m  [1m[34mSELECT COUNT(*) FROM "issues"[0m
  ↳ app/views/issues/index.html.erb:46
  [1m[36mIssue Load (0.3ms)[0m  [1m[34mSELECT "issues".* FROM "issues" ORDER BY assignee_id desc[0m
  ↳ app/views/issues/index.html.erb:62
  Rendered issues/index.html.erb within layouts/application (Duration: 12.4ms | Allocations: 3961)
[Webpacker] Everything's up-to-date. Nothing to do
Completed 200 OK in 202ms (Views: 197.2ms | ActiveRecord: 0.7ms | Allocations: 70089)


Started GET "/issues?direction=desc&sort=assignee_id" for 127.0.0.1 at 2019-11-21 02:04:12 +0100
Processing by IssuesController#index as HTML
  Parameters: {"direction"=>"desc", "sort"=>"assignee_id"}
  Rendering issues/index.html.erb within layouts/application
  [1m[35m (0.5ms)[0m  [1m[34mSELECT COUNT(*) FROM "issues"[0m
  ↳ app/views/issues/index.html.erb:46
  [1m[36mIssue Load (0.4ms)[0m  [1m[34mSELECT "issues".* FROM "issues" ORDER BY assignee_id desc[0m
  ↳ app/views/issues/index.html.erb:62
  Rendered issues/index.html.erb within layouts/application (Duration: 12.7ms | Allocations: 3173)
[Webpacker] Everything's up-to-date. Nothing to do
Completed 200 OK in 27ms (Views: 24.1ms | ActiveRecord: 0.9ms | Allocations: 11130)


Started GET "/issues?direction=desc&sort=assignee_id" for 127.0.0.1 at 2019-11-21 02:04:36 +0100
Processing by IssuesController#index as HTML
  Parameters: {"direction"=>"desc", "sort"=>"assignee_id"}
  Rendering issues/index.html.erb within layouts/application
  [1m[35m (1.3ms)[0m  [1m[34mSELECT COUNT(*) FROM "issues"[0m
  ↳ app/views/issues/index.html.erb:46
  [1m[36mIssue Load (0.5ms)[0m  [1m[34mSELECT "issues".* FROM "issues" ORDER BY assignee_id desc[0m
  ↳ app/views/issues/index.html.erb:62
  Rendered issues/index.html.erb within layouts/application (Duration: 14.7ms | Allocations: 3158)
[Webpacker] Everything's up-to-date. Nothing to do
Completed 200 OK in 251ms (Views: 247.3ms | ActiveRecord: 1.7ms | Allocations: 69608)


Started GET "/issues?direction=desc&sort=assignee_id" for 127.0.0.1 at 2019-11-21 02:04:37 +0100
Processing by IssuesController#index as HTML
  Parameters: {"direction"=>"desc", "sort"=>"assignee_id"}
  Rendering issues/index.html.erb within layouts/application
  [1m[35m (0.3ms)[0m  [1m[34mSELECT COUNT(*) FROM "issues"[0m
  ↳ app/views/issues/index.html.erb:46
  [1m[36mIssue Load (0.4ms)[0m  [1m[34mSELECT "issues".* FROM "issues" ORDER BY assignee_id desc[0m
  ↳ app/views/issues/index.html.erb:62
  Rendered issues/index.html.erb within layouts/application (Duration: 10.4ms | Allocations: 3158)
[Webpacker] Everything's up-to-date. Nothing to do
Completed 200 OK in 29ms (Views: 24.3ms | ActiveRecord: 0.7ms | Allocations: 11110)


Started GET "/issues?direction=desc&sort=assignee_id" for 127.0.0.1 at 2019-11-21 02:04:38 +0100
Processing by IssuesController#index as HTML
  Parameters: {"direction"=>"desc", "sort"=>"assignee_id"}
  Rendering issues/index.html.erb within layouts/application
  [1m[35m (0.4ms)[0m  [1m[34mSELECT COUNT(*) FROM "issues"[0m
  ↳ app/views/issues/index.html.erb:46
  [1m[36mIssue Load (0.5ms)[0m  [1m[34mSELECT "issues".* FROM "issues" ORDER BY assignee_id desc[0m
  ↳ app/views/issues/index.html.erb:62
  Rendered issues/index.html.erb within layouts/application (Duration: 19.0ms | Allocations: 3158)
[Webpacker] Everything's up-to-date. Nothing to do
Completed 200 OK in 61ms (Views: 56.8ms | ActiveRecord: 0.9ms | Allocations: 11123)


Started GET "/issues?direction=desc&sort=assignee_id" for 127.0.0.1 at 2019-11-21 02:04:54 +0100
Processing by IssuesController#index as HTML
  Parameters: {"direction"=>"desc", "sort"=>"assignee_id"}
  Rendering issues/index.html.erb within layouts/application
  [1m[35m (0.3ms)[0m  [1m[34mSELECT COUNT(*) FROM "issues"[0m
  ↳ app/views/issues/index.html.erb:46
  [1m[36mIssue Load (0.6ms)[0m  [1m[34mSELECT "issues".* FROM "issues" ORDER BY assignee_id desc[0m
  ↳ app/views/issues/index.html.erb:62
  Rendered issues/index.html.erb within layouts/application (Duration: 12.6ms | Allocations: 3159)
[Webpacker] Everything's up-to-date. Nothing to do
Completed 200 OK in 278ms (Views: 276.0ms | ActiveRecord: 0.8ms | Allocations: 67964)


Started GET "/issues?direction=desc&sort=assignee_id" for 127.0.0.1 at 2019-11-21 02:04:56 +0100
Processing by IssuesController#index as HTML
  Parameters: {"direction"=>"desc", "sort"=>"assignee_id"}
  Rendering issues/index.html.erb within layouts/application
  [1m[35m (0.4ms)[0m  [1m[34mSELECT COUNT(*) FROM "issues"[0m
  ↳ app/views/issues/index.html.erb:46
  [1m[36mIssue Load (0.7ms)[0m  [1m[34mSELECT "issues".* FROM "issues" ORDER BY assignee_id desc[0m
  ↳ app/views/issues/index.html.erb:62
  Rendered issues/index.html.erb within layouts/application (Duration: 15.9ms | Allocations: 3158)
[Webpacker] Everything's up-to-date. Nothing to do
Completed 200 OK in 32ms (Views: 29.1ms | ActiveRecord: 1.1ms | Allocations: 11112)


Started GET "/issues?direction=desc&sort=assignee_id" for 127.0.0.1 at 2019-11-21 02:05:51 +0100
Processing by IssuesController#index as HTML
  Parameters: {"direction"=>"desc", "sort"=>"assignee_id"}
  Rendering issues/index.html.erb within layouts/application
  [1m[35m (0.4ms)[0m  [1m[34mSELECT COUNT(*) FROM "issues"[0m
  ↳ app/views/issues/index.html.erb:46
  [1m[36mIssue Load (0.4ms)[0m  [1m[34mSELECT "issues".* FROM "issues" ORDER BY assignee_id desc[0m
  ↳ app/views/issues/index.html.erb:62
  Rendered issues/index.html.erb within layouts/application (Duration: 12.0ms | Allocations: 3158)
[Webpacker] Everything's up-to-date. Nothing to do
Completed 200 OK in 37ms (Views: 33.0ms | ActiveRecord: 0.8ms | Allocations: 11113)


Started GET "/issues?direction=desc&sort=assignee_id" for 127.0.0.1 at 2019-11-21 02:12:31 +0100
  [1m[35m (0.2ms)[0m  [1m[34mSELECT sqlite_version(*)[0m
Processing by IssuesController#index as HTML
  Parameters: {"direction"=>"desc", "sort"=>"assignee_id"}
  Rendering issues/index.html.erb within layouts/application
  [1m[35m (0.3ms)[0m  [1m[34mSELECT COUNT(*) FROM "issues"[0m
  ↳ app/views/issues/index.html.erb:47
  [1m[36mIssue Load (0.3ms)[0m  [1m[34mSELECT "issues".* FROM "issues" ORDER BY assignee_id desc[0m
  ↳ app/views/issues/index.html.erb:63
  Rendered issues/index.html.erb within layouts/application (Duration: 12.1ms | Allocations: 3969)
[Webpacker] Everything's up-to-date. Nothing to do
Completed 200 OK in 29ms (Views: 25.4ms | ActiveRecord: 0.6ms | Allocations: 12866)


Started GET "/issues?direction=desc&sort=assignee_id" for 127.0.0.1 at 2019-11-21 02:12:53 +0100
Processing by IssuesController#index as HTML
  Parameters: {"direction"=>"desc", "sort"=>"assignee_id"}
  Rendering issues/index.html.erb within layouts/application
  [1m[35m (0.3ms)[0m  [1m[34mSELECT COUNT(*) FROM "issues"[0m
  ↳ app/views/issues/index.html.erb:46
  [1m[36mIssue Load (0.6ms)[0m  [1m[34mSELECT "issues".* FROM "issues" ORDER BY assignee_id desc[0m
  ↳ app/views/issues/index.html.erb:62
  Rendered issues/index.html.erb within layouts/application (Duration: 18.9ms | Allocations: 3958)
[Webpacker] Everything's up-to-date. Nothing to do
Completed 200 OK in 38ms (Views: 34.7ms | ActiveRecord: 0.9ms | Allocations: 12845)


Started GET "/issues?direction=desc&sort=assignee_id" for 127.0.0.1 at 2019-11-21 02:12:54 +0100
Processing by IssuesController#index as HTML
  Parameters: {"direction"=>"desc", "sort"=>"assignee_id"}
  Rendering issues/index.html.erb within layouts/application
  [1m[35m (0.4ms)[0m  [1m[34mSELECT COUNT(*) FROM "issues"[0m
  ↳ app/views/issues/index.html.erb:46
  [1m[36mIssue Load (0.5ms)[0m  [1m[34mSELECT "issues".* FROM "issues" ORDER BY assignee_id desc[0m
  ↳ app/views/issues/index.html.erb:62
  Rendered issues/index.html.erb within layouts/application (Duration: 12.5ms | Allocations: 3172)
[Webpacker] Everything's up-to-date. Nothing to do
Completed 200 OK in 30ms (Views: 27.0ms | ActiveRecord: 0.9ms | Allocations: 11137)


Started GET "/issues?direction=desc&sort=assignee_id" for 127.0.0.1 at 2019-11-21 02:14:17 +0100
Processing by IssuesController#index as HTML
  Parameters: {"direction"=>"desc", "sort"=>"assignee_id"}
  Rendering issues/index.html.erb within layouts/application
  [1m[35m (0.2ms)[0m  [1m[34mSELECT COUNT(*) FROM "issues"[0m
  ↳ app/views/issues/index.html.erb:48
  [1m[36mIssue Load (0.3ms)[0m  [1m[34mSELECT "issues".* FROM "issues" ORDER BY assignee_id desc[0m
  ↳ app/views/issues/index.html.erb:64
  Rendered issues/index.html.erb within layouts/application (Duration: 10.7ms | Allocations: 3965)
[Webpacker] Everything's up-to-date. Nothing to do
Completed 200 OK in 209ms (Views: 206.4ms | ActiveRecord: 0.5ms | Allocations: 70091)


Started GET "/issues?direction=desc&sort=assignee_id" for 127.0.0.1 at 2019-11-21 02:14:18 +0100
Processing by IssuesController#index as HTML
  Parameters: {"direction"=>"desc", "sort"=>"assignee_id"}
  Rendering issues/index.html.erb within layouts/application
  [1m[35m (0.3ms)[0m  [1m[34mSELECT COUNT(*) FROM "issues"[0m
  ↳ app/views/issues/index.html.erb:48
  [1m[36mIssue Load (0.8ms)[0m  [1m[34mSELECT "issues".* FROM "issues" ORDER BY assignee_id desc[0m
  ↳ app/views/issues/index.html.erb:64
  Rendered issues/index.html.erb within layouts/application (Duration: 14.3ms | Allocations: 3173)
[Webpacker] Everything's up-to-date. Nothing to do
Completed 200 OK in 28ms (Views: 24.6ms | ActiveRecord: 1.1ms | Allocations: 11130)


Started GET "/issues/new" for 127.0.0.1 at 2019-11-21 02:14:20 +0100
Processing by IssuesController#new as HTML
  Rendering issues/new.html.erb within layouts/application
  [1m[36mUser Load (0.2ms)[0m  [1m[34mSELECT "users".* FROM "users"[0m
  ↳ app/views/issues/_form.html.erb:42
  Rendered issues/_form.html.erb (Duration: 22.0ms | Allocations: 7592)
  Rendered issues/new.html.erb within layouts/application (Duration: 23.9ms | Allocations: 7947)
[Webpacker] Everything's up-to-date. Nothing to do
Completed 200 OK in 36ms (Views: 32.6ms | ActiveRecord: 0.4ms | Allocations: 15887)


Started GET "/issues?direction=desc&sort=assignee_id" for 127.0.0.1 at 2019-11-21 02:17:11 +0100
Processing by IssuesController#index as HTML
  Parameters: {"direction"=>"desc", "sort"=>"assignee_id"}
  Rendering issues/index.html.erb within layouts/application
  [1m[35m (0.2ms)[0m  [1m[34mSELECT COUNT(*) FROM "issues"[0m
  ↳ app/views/issues/index.html.erb:45
  [1m[36mIssue Load (0.1ms)[0m  [1m[34mSELECT "issues".* FROM "issues" ORDER BY assignee_id desc[0m
  ↳ app/views/issues/index.html.erb:61
  Rendered issues/index.html.erb within layouts/application (Duration: 5.7ms | Allocations: 3957)
[Webpacker] Everything's up-to-date. Nothing to do
Completed 200 OK in 18ms (Views: 15.7ms | ActiveRecord: 0.3ms | Allocations: 12852)


Started GET "/issues?direction=desc&sort=assignee_id" for 127.0.0.1 at 2019-11-21 02:17:12 +0100
Processing by IssuesController#index as HTML
  Parameters: {"direction"=>"desc", "sort"=>"assignee_id"}
  Rendering issues/index.html.erb within layouts/application
  [1m[35m (0.4ms)[0m  [1m[34mSELECT COUNT(*) FROM "issues"[0m
  ↳ app/views/issues/index.html.erb:45
  [1m[36mIssue Load (0.6ms)[0m  [1m[34mSELECT "issues".* FROM "issues" ORDER BY assignee_id desc[0m
  ↳ app/views/issues/index.html.erb:61
  Rendered issues/index.html.erb within layouts/application (Duration: 15.8ms | Allocations: 3172)
[Webpacker] Everything's up-to-date. Nothing to do
Completed 200 OK in 32ms (Views: 28.8ms | ActiveRecord: 1.0ms | Allocations: 11129)


Started GET "/issues?direction=desc&sort=assignee_id" for 127.0.0.1 at 2019-11-21 02:18:24 +0100
Processing by IssuesController#index as HTML
  Parameters: {"direction"=>"desc", "sort"=>"assignee_id"}
  Rendering issues/index.html.erb within layouts/application
  [1m[35m (0.2ms)[0m  [1m[34mSELECT COUNT(*) FROM "issues"[0m
  ↳ app/views/issues/index.html.erb:45
  [1m[36mIssue Load (0.3ms)[0m  [1m[34mSELECT "issues".* FROM "issues" ORDER BY assignee_id desc[0m
  ↳ app/views/issues/index.html.erb:61
  Rendered issues/index.html.erb within layouts/application (Duration: 7.5ms | Allocations: 3957)
[Webpacker] Everything's up-to-date. Nothing to do
Completed 200 OK in 24ms (Views: 20.8ms | ActiveRecord: 0.5ms | Allocations: 12844)


Started GET "/issues?direction=desc&sort=assignee_id" for 127.0.0.1 at 2019-11-21 02:18:25 +0100
Processing by IssuesController#index as HTML
  Parameters: {"direction"=>"desc", "sort"=>"assignee_id"}
  Rendering issues/index.html.erb within layouts/application
  [1m[35m (0.4ms)[0m  [1m[34mSELECT COUNT(*) FROM "issues"[0m
  ↳ app/views/issues/index.html.erb:45
  [1m[36mIssue Load (0.5ms)[0m  [1m[34mSELECT "issues".* FROM "issues" ORDER BY assignee_id desc[0m
  ↳ app/views/issues/index.html.erb:61
  Rendered issues/index.html.erb within layouts/application (Duration: 13.7ms | Allocations: 3172)
[Webpacker] Everything's up-to-date. Nothing to do
Completed 200 OK in 44ms (Views: 41.0ms | ActiveRecord: 0.9ms | Allocations: 11130)


Started GET "/issues?direction=desc&sort=assignee_id" for 127.0.0.1 at 2019-11-21 02:18:42 +0100
Processing by IssuesController#index as HTML
  Parameters: {"direction"=>"desc", "sort"=>"assignee_id"}
  Rendering issues/index.html.erb within layouts/application
  [1m[35m (0.2ms)[0m  [1m[34mSELECT COUNT(*) FROM "issues"[0m
  ↳ app/views/issues/index.html.erb:43
  [1m[36mIssue Load (0.3ms)[0m  [1m[34mSELECT "issues".* FROM "issues" ORDER BY assignee_id desc[0m
  ↳ app/views/issues/index.html.erb:59
  Rendered issues/index.html.erb within layouts/application (Duration: 10.4ms | Allocations: 3959)
[Webpacker] Everything's up-to-date. Nothing to do
Completed 200 OK in 28ms (Views: 24.8ms | ActiveRecord: 0.5ms | Allocations: 12858)


Started GET "/issues?direction=desc&sort=assignee_id" for 127.0.0.1 at 2019-11-21 02:19:57 +0100
Processing by IssuesController#index as HTML
  Parameters: {"direction"=>"desc", "sort"=>"assignee_id"}
  Rendering issues/index.html.erb within layouts/application
  [1m[35m (0.3ms)[0m  [1m[34mSELECT COUNT(*) FROM "issues"[0m
  ↳ app/views/issues/index.html.erb:43
  [1m[36mIssue Load (0.3ms)[0m  [1m[34mSELECT "issues".* FROM "issues" ORDER BY assignee_id desc[0m
  ↳ app/views/issues/index.html.erb:59
  Rendered issues/index.html.erb within layouts/application (Duration: 14.2ms | Allocations: 3955)
[Webpacker] Everything's up-to-date. Nothing to do
Completed 200 OK in 32ms (Views: 29.4ms | ActiveRecord: 0.6ms | Allocations: 12846)


Started GET "/issues?direction=desc&sort=assignee_id" for 127.0.0.1 at 2019-11-21 02:20:12 +0100
Processing by IssuesController#index as HTML
  Parameters: {"direction"=>"desc", "sort"=>"assignee_id"}
  Rendering issues/index.html.erb within layouts/application
  [1m[35m (0.4ms)[0m  [1m[34mSELECT COUNT(*) FROM "issues"[0m
  ↳ app/views/issues/index.html.erb:43
  [1m[36mIssue Load (0.4ms)[0m  [1m[34mSELECT "issues".* FROM "issues" ORDER BY assignee_id desc[0m
  ↳ app/views/issues/index.html.erb:58
  Rendered issues/index.html.erb within layouts/application (Duration: 21.5ms | Allocations: 3955)
[Webpacker] Everything's up-to-date. Nothing to do
Completed 200 OK in 38ms (Views: 35.5ms | ActiveRecord: 0.9ms | Allocations: 12841)


Started GET "/issues?direction=desc&sort=assignee_id" for 127.0.0.1 at 2019-11-21 02:21:08 +0100
Processing by IssuesController#index as HTML
  Parameters: {"direction"=>"desc", "sort"=>"assignee_id"}
  Rendering issues/index.html.erb within layouts/application
  [1m[35m (0.2ms)[0m  [1m[34mSELECT COUNT(*) FROM "issues"[0m
  ↳ app/views/issues/index.html.erb:43
  [1m[36mIssue Load (0.2ms)[0m  [1m[34mSELECT "issues".* FROM "issues" ORDER BY assignee_id desc[0m
  ↳ app/views/issues/index.html.erb:58
  Rendered issues/index.html.erb within layouts/application (Duration: 5.1ms | Allocations: 3172)
[Webpacker] Everything's up-to-date. Nothing to do
Completed 200 OK in 282ms (Views: 281.3ms | ActiveRecord: 0.4ms | Allocations: 68399)


Started GET "/issues?direction=desc&sort=assignee_id" for 127.0.0.1 at 2019-11-21 02:21:10 +0100
Processing by IssuesController#index as HTML
  Parameters: {"direction"=>"desc", "sort"=>"assignee_id"}
  Rendering issues/index.html.erb within layouts/application
  [1m[35m (0.5ms)[0m  [1m[34mSELECT COUNT(*) FROM "issues"[0m
  ↳ app/views/issues/index.html.erb:43
  [1m[36mIssue Load (0.3ms)[0m  [1m[34mSELECT "issues".* FROM "issues" ORDER BY assignee_id desc[0m
  ↳ app/views/issues/index.html.erb:58
  Rendered issues/index.html.erb within layouts/application (Duration: 7.8ms | Allocations: 3159)
[Webpacker] Everything's up-to-date. Nothing to do
Completed 200 OK in 20ms (Views: 17.9ms | ActiveRecord: 0.8ms | Allocations: 11117)


Started GET "/issues?direction=desc&sort=assignee_id" for 127.0.0.1 at 2019-11-21 02:23:24 +0100
Processing by IssuesController#index as HTML
  Parameters: {"direction"=>"desc", "sort"=>"assignee_id"}
  Rendering issues/index.html.erb within layouts/application
  [1m[35m (0.4ms)[0m  [1m[34mSELECT COUNT(*) FROM "issues"[0m
  ↳ app/views/issues/index.html.erb:43
  [1m[36mIssue Load (0.7ms)[0m  [1m[34mSELECT "issues".* FROM "issues" ORDER BY assignee_id desc[0m
  ↳ app/views/issues/index.html.erb:58
  Rendered issues/index.html.erb within layouts/application (Duration: 14.6ms | Allocations: 3158)
[Webpacker] Everything's up-to-date. Nothing to do
Completed 200 OK in 201ms (Views: 198.0ms | ActiveRecord: 1.0ms | Allocations: 68352)


Started GET "/issues?direction=desc&sort=assignee_id" for 127.0.0.1 at 2019-11-21 02:23:25 +0100
Processing by IssuesController#index as HTML
  Parameters: {"direction"=>"desc", "sort"=>"assignee_id"}
  Rendering issues/index.html.erb within layouts/application
  [1m[35m (0.4ms)[0m  [1m[34mSELECT COUNT(*) FROM "issues"[0m
  ↳ app/views/issues/index.html.erb:43
  [1m[36mIssue Load (0.5ms)[0m  [1m[34mSELECT "issues".* FROM "issues" ORDER BY assignee_id desc[0m
  ↳ app/views/issues/index.html.erb:58
  Rendered issues/index.html.erb within layouts/application (Duration: 12.3ms | Allocations: 3159)
[Webpacker] Everything's up-to-date. Nothing to do
Completed 200 OK in 27ms (Views: 24.1ms | ActiveRecord: 0.9ms | Allocations: 11119)


Started GET "/issues?direction=desc&sort=assignee_id" for 127.0.0.1 at 2019-11-21 02:23:33 +0100
Processing by IssuesController#index as HTML
  Parameters: {"direction"=>"desc", "sort"=>"assignee_id"}
  Rendering issues/index.html.erb within layouts/application
  [1m[35m (0.3ms)[0m  [1m[34mSELECT COUNT(*) FROM "issues"[0m
  ↳ app/views/issues/index.html.erb:43
  [1m[36mIssue Load (0.6ms)[0m  [1m[34mSELECT "issues".* FROM "issues" ORDER BY assignee_id desc[0m
  ↳ app/views/issues/index.html.erb:58
  Rendered issues/index.html.erb within layouts/application (Duration: 13.5ms | Allocations: 3158)
[Webpacker] Everything's up-to-date. Nothing to do
Completed 200 OK in 219ms (Views: 216.5ms | ActiveRecord: 0.9ms | Allocations: 67970)


Started GET "/issues?direction=desc&sort=assignee_id" for 127.0.0.1 at 2019-11-21 02:23:46 +0100
Processing by IssuesController#index as HTML
  Parameters: {"direction"=>"desc", "sort"=>"assignee_id"}
  Rendering issues/index.html.erb within layouts/application
  [1m[35m (0.3ms)[0m  [1m[34mSELECT COUNT(*) FROM "issues"[0m
  ↳ app/views/issues/index.html.erb:43
  [1m[36mIssue Load (0.3ms)[0m  [1m[34mSELECT "issues".* FROM "issues" ORDER BY assignee_id desc[0m
  ↳ app/views/issues/index.html.erb:58
  Rendered issues/index.html.erb within layouts/application (Duration: 8.4ms | Allocations: 3158)
[Webpacker] Everything's up-to-date. Nothing to do
Completed 200 OK in 212ms (Views: 209.3ms | ActiveRecord: 0.6ms | Allocations: 68798)


Started GET "/issues?direction=desc&sort=assignee_id" for 127.0.0.1 at 2019-11-21 02:23:47 +0100
Processing by IssuesController#index as HTML
  Parameters: {"direction"=>"desc", "sort"=>"assignee_id"}
  Rendering issues/index.html.erb within layouts/application
  [1m[35m (0.4ms)[0m  [1m[34mSELECT COUNT(*) FROM "issues"[0m
  ↳ app/views/issues/index.html.erb:43
  [1m[36mIssue Load (0.6ms)[0m  [1m[34mSELECT "issues".* FROM "issues" ORDER BY assignee_id desc[0m
  ↳ app/views/issues/index.html.erb:58
  Rendered issues/index.html.erb within layouts/application (Duration: 12.0ms | Allocations: 3159)
[Webpacker] Everything's up-to-date. Nothing to do
Completed 200 OK in 27ms (Views: 23.8ms | ActiveRecord: 1.0ms | Allocations: 11112)


